2025-07-28 09:28:27.438 [info] [main] Log level: Info
2025-07-28 09:28:27.438 [info] [main] Validating found git in: "git"
2025-07-28 09:28:27.438 [info] [main] Using git "2.43.0" from "git"
2025-07-28 09:28:27.438 [info] [Model][doInitialScan] Initial repository scan started
2025-07-28 09:28:27.438 [info] > git rev-parse --show-toplevel [12ms]
2025-07-28 09:28:27.439 [info] > git rev-parse --git-dir --git-common-dir [1ms]
2025-07-28 09:28:27.444 [info] [Model][openRepository] Opened repository (path): /home/shumliak-ad/Desktop/SashukKeshuk.github.io
2025-07-28 09:28:27.444 [info] [Model][openRepository] Opened repository (real path): /home/shumliak-ad/Desktop/SashukKeshuk.github.io
2025-07-28 09:28:27.453 [info] > git rev-parse --show-toplevel [1ms]
2025-07-28 09:28:27.455 [info] [Model][doInitialScan] Initial repository scan completed - repositories (1), closed repositories (0), parent repositories (0), unsafe repositories (0)
2025-07-28 09:28:27.455 [info] > git config --get commit.template [6ms]
2025-07-28 09:28:27.478 [info] > git for-each-ref --format=%(refname)%00%(upstream:short)%00%(objectname)%00%(upstream:track)%00%(upstream:remotename)%00%(upstream:remoteref) refs/heads/main refs/remotes/main [7ms]
2025-07-28 09:28:27.482 [warning] [Git][revParse] Unable to read file: ENOENT: no such file or directory, open '/home/shumliak-ad/Desktop/SashukKeshuk.github.io/.git/refs/remotes/origin/main'
2025-07-28 09:28:27.483 [info] > git rev-parse refs/remotes/origin/main [1ms]
2025-07-28 09:28:27.490 [info] > git status -z -uall [4ms]
2025-07-28 09:28:27.491 [info] > git for-each-ref --sort -committerdate --format %(refname)%00%(objectname)%00%(*objectname) [1ms]
2025-07-28 09:28:27.509 [info] > git for-each-ref --format=%(refname)%00%(upstream:short)%00%(objectname)%00%(upstream:track)%00%(upstream:remotename)%00%(upstream:remoteref) refs/heads/main refs/remotes/main [4ms]
2025-07-28 09:28:27.517 [info] > git config --get --local branch.main.vscode-merge-base [2ms]
2025-07-28 09:28:27.517 [warning] [Git][config] git config failed: Failed to execute git
2025-07-28 09:28:27.522 [info] > git config --get commit.template [13ms]
2025-07-28 09:28:27.528 [info] > git reflog main --grep-reflog=branch: Created from *. [6ms]
2025-07-28 09:28:27.532 [info] > git for-each-ref --format=%(refname)%00%(upstream:short)%00%(objectname)%00%(upstream:track)%00%(upstream:remotename)%00%(upstream:remoteref) refs/heads/main refs/remotes/main [5ms]
2025-07-28 09:28:27.535 [warning] [Git][revParse] Unable to read file: ENOENT: no such file or directory, open '/home/shumliak-ad/Desktop/SashukKeshuk.github.io/.git/refs/remotes/origin/main'
2025-07-28 09:28:27.535 [info] > git symbolic-ref --short refs/remotes/origin/HEAD [3ms]
2025-07-28 09:28:27.539 [info] > git rev-parse refs/remotes/origin/main [4ms]
2025-07-28 09:28:27.561 [info] > git status -z -uall [18ms]
2025-07-28 09:28:27.561 [info] > git for-each-ref --sort -committerdate --format %(refname)%00%(objectname)%00%(*objectname) [13ms]
2025-07-28 09:28:27.563 [info] > git for-each-ref --format=%(refname)%00%(upstream:short)%00%(objectname)%00%(upstream:track)%00%(upstream:remotename)%00%(upstream:remoteref) refs/heads/origin/main refs/remotes/origin/main [25ms]
2025-07-28 09:28:27.569 [info] > git config --add --local branch.main.vscode-merge-base origin/main [2ms]
2025-07-28 09:28:27.574 [info] > git config --get commit.template [3ms]
2025-07-28 09:28:27.575 [info] > git for-each-ref --format=%(refname)%00%(upstream:short)%00%(objectname)%00%(upstream:track)%00%(upstream:remotename)%00%(upstream:remoteref) refs/heads/main refs/remotes/main [1ms]
2025-07-28 09:28:27.578 [warning] [Git][revParse] Unable to read file: ENOENT: no such file or directory, open '/home/shumliak-ad/Desktop/SashukKeshuk.github.io/.git/refs/remotes/origin/main'
2025-07-28 09:28:27.579 [info] > git rev-parse refs/remotes/origin/main [1ms]
2025-07-28 09:28:27.585 [info] > git status -z -uall [4ms]
2025-07-28 09:28:27.585 [info] > git for-each-ref --sort -committerdate --format %(refname)%00%(objectname)%00%(*objectname) [1ms]
2025-07-28 09:28:27.593 [info] > git merge-base refs/heads/main refs/remotes/origin/main [3ms]
2025-07-28 09:28:27.598 [info] > git diff --name-status -z --diff-filter=ADMR 22435058a1580750cfe5909084d423638bd3bfe9...refs/remotes/origin/main [1ms]
2025-07-28 09:28:27.598 [info] > git merge-base refs/heads/main refs/remotes/origin/main [5ms]
2025-07-28 09:28:27.602 [info] > git diff --name-status -z --diff-filter=ADMR 22435058a1580750cfe5909084d423638bd3bfe9...refs/remotes/origin/main [1ms]
2025-07-28 09:28:27.974 [info] > git check-ignore -v -z --stdin [4ms]
2025-07-28 09:28:30.402 [info] > git config --get commit.template [13ms]
2025-07-28 09:28:30.404 [info] > git for-each-ref --format=%(refname)%00%(upstream:short)%00%(objectname)%00%(upstream:track)%00%(upstream:remotename)%00%(upstream:remoteref) refs/heads/main refs/remotes/main [3ms]
2025-07-28 09:28:30.414 [warning] [Git][revParse] Unable to read file: ENOENT: no such file or directory, open '/home/shumliak-ad/Desktop/SashukKeshuk.github.io/.git/refs/remotes/origin/main'
2025-07-28 09:28:30.417 [info] > git rev-parse refs/remotes/origin/main [3ms]
2025-07-28 09:28:30.431 [info] > git status -z -uall [6ms]
2025-07-28 09:28:30.432 [info] > git for-each-ref --sort -committerdate --format %(refname)%00%(objectname)%00%(*objectname) [2ms]
2025-07-28 09:28:35.468 [info] > git config --get commit.template [15ms]
2025-07-28 09:28:35.470 [info] > git for-each-ref --format=%(refname)%00%(upstream:short)%00%(objectname)%00%(upstream:track)%00%(upstream:remotename)%00%(upstream:remoteref) refs/heads/main refs/remotes/main [4ms]
2025-07-28 09:28:35.483 [warning] [Git][revParse] Unable to read file: ENOENT: no such file or directory, open '/home/shumliak-ad/Desktop/SashukKeshuk.github.io/.git/refs/remotes/origin/main'
2025-07-28 09:28:35.485 [info] > git rev-parse refs/remotes/origin/main [2ms]
2025-07-28 09:28:35.506 [info] > git status -z -uall [9ms]
2025-07-28 09:28:35.508 [info] > git for-each-ref --sort -committerdate --format %(refname)%00%(objectname)%00%(*objectname) [3ms]
2025-07-28 09:28:50.909 [info] > git config --get commit.template [6ms]
2025-07-28 09:28:50.912 [info] > git for-each-ref --format=%(refname)%00%(upstream:short)%00%(objectname)%00%(upstream:track)%00%(upstream:remotename)%00%(upstream:remoteref) refs/heads/main refs/remotes/main [4ms]
2025-07-28 09:28:50.931 [info] > git status -z -uall [9ms]
2025-07-28 09:28:50.933 [info] > git for-each-ref --sort -committerdate --format %(refname)%00%(objectname)%00%(*objectname) [2ms]
2025-07-28 09:28:50.951 [info] > git merge-base refs/heads/main refs/remotes/origin/main [7ms]
2025-07-28 09:28:55.973 [info] > git config --get commit.template [9ms]
2025-07-28 09:28:55.977 [info] > git for-each-ref --format=%(refname)%00%(upstream:short)%00%(objectname)%00%(upstream:track)%00%(upstream:remotename)%00%(upstream:remoteref) refs/heads/main refs/remotes/main [6ms]
2025-07-28 09:28:56.004 [info] > git status -z -uall [13ms]
2025-07-28 09:28:56.006 [info] > git for-each-ref --sort -committerdate --format %(refname)%00%(objectname)%00%(*objectname) [3ms]
2025-07-28 09:29:33.674 [info] > git check-ignore -v -z --stdin [2ms]
2025-07-28 09:29:37.186 [info] > git check-ignore -v -z --stdin [3ms]
2025-07-28 09:29:44.652 [info] > git config --get commit.template [11ms]
2025-07-28 09:29:44.653 [info] > git for-each-ref --format=%(refname)%00%(upstream:short)%00%(objectname)%00%(upstream:track)%00%(upstream:remotename)%00%(upstream:remoteref) refs/heads/main refs/remotes/main [2ms]
2025-07-28 09:29:44.667 [info] > git status -z -uall [7ms]
2025-07-28 09:29:44.669 [info] > git for-each-ref --sort -committerdate --format %(refname)%00%(objectname)%00%(*objectname) [2ms]
2025-07-28 09:29:45.028 [info] > git show --textconv :README.md [16ms]
2025-07-28 09:29:45.031 [info] > git ls-files --stage -- README.md [4ms]
2025-07-28 09:29:45.074 [info] > git cat-file -s 8443932ee6b3f4e152e8d2a2f0c76af743f9058f [39ms]
2025-07-28 09:29:46.375 [info] > git blame --root --incremental 22435058a1580750cfe5909084d423638bd3bfe9 -- README.md [3ms]
2025-07-28 09:29:49.698 [info] > git config --get commit.template [14ms]
2025-07-28 09:29:49.701 [info] > git for-each-ref --format=%(refname)%00%(upstream:short)%00%(objectname)%00%(upstream:track)%00%(upstream:remotename)%00%(upstream:remoteref) refs/heads/main refs/remotes/main [4ms]
2025-07-28 09:29:49.723 [info] > git status -z -uall [12ms]
2025-07-28 09:29:49.725 [info] > git for-each-ref --sort -committerdate --format %(refname)%00%(objectname)%00%(*objectname) [3ms]
