2025-07-28 09:28:24.549 [info] Reading sessions from keychain...
2025-07-28 09:28:24.549 [info] Getting sessions for all scopes...
2025-07-28 09:28:24.585 [info] Got 0 sessions for ...
2025-07-28 09:28:24.585 [info] Getting sessions for all scopes...
2025-07-28 09:28:24.585 [info] Got 0 sessions for ...
2025-07-28 09:28:24.585 [info] Getting sessions for all scopes...
2025-07-28 09:28:24.585 [info] Got 0 sessions for ...
2025-07-28 09:28:24.585 [info] Getting sessions for all scopes...
2025-07-28 09:28:24.585 [info] Got 0 sessions for ...
2025-07-28 09:28:24.585 [info] Getting sessions for all scopes...
2025-07-28 09:28:24.585 [info] Got 0 sessions for ...
2025-07-28 09:28:24.585 [info] Getting sessions for all scopes...
2025-07-28 09:28:24.585 [info] Got 0 sessions for ...
2025-07-28 09:28:24.585 [info] Getting sessions for all scopes...
2025-07-28 09:28:24.585 [info] Got 0 sessions for ...
2025-07-28 09:28:24.585 [info] Getting sessions for all scopes...
2025-07-28 09:28:24.585 [info] Got 0 sessions for ...
2025-07-28 09:28:24.585 [info] Getting sessions for all scopes...
2025-07-28 09:28:24.585 [info] Got 0 sessions for ...
2025-07-28 09:28:24.589 [info] Getting sessions for all scopes...
2025-07-28 09:28:24.589 [info] Got 0 sessions for ...
2025-07-28 09:28:24.589 [info] Getting sessions for all scopes...
2025-07-28 09:28:24.589 [info] Got 0 sessions for ...
2025-07-28 09:28:24.589 [info] Getting sessions for all scopes...
2025-07-28 09:28:24.589 [info] Got 0 sessions for ...
2025-07-28 09:28:24.589 [info] Getting sessions for all scopes...
2025-07-28 09:28:24.589 [info] Got 0 sessions for ...
2025-07-28 09:28:24.589 [info] Getting sessions for all scopes...
2025-07-28 09:28:24.589 [info] Got 0 sessions for ...
2025-07-28 09:28:24.589 [info] Getting sessions for all scopes...
2025-07-28 09:28:24.589 [info] Got 0 sessions for ...
2025-07-28 09:28:26.585 [info] Getting sessions for all scopes...
2025-07-28 09:28:26.585 [info] Got 0 sessions for ...
2025-07-28 09:28:26.589 [info] Getting sessions for all scopes...
2025-07-28 09:28:26.589 [info] Got 0 sessions for ...
2025-07-28 09:28:26.595 [info] Getting sessions for all scopes...
2025-07-28 09:28:26.595 [info] Got 0 sessions for ...
2025-07-28 09:28:27.523 [info] Getting sessions for read:user,repo,user:email,workflow...
2025-07-28 09:28:27.523 [info] Got 0 sessions for read:user,repo,user:email,workflow...
