2025-07-28 09:28:24.464 [info] Extension host with pid 26424 started
2025-07-28 09:28:24.464 [info] Skipping acquiring lock for /home/shumliak-ad/Desktop/SashukKeshuk.github.io/~/.vscode-root/User/workspaceStorage/b688e6a3a17bc01750d86221da186cb1.
2025-07-28 09:28:24.510 [info] ExtensionService#_doActivateExtension vscode.github-authentication, startup: false, activationEvent: 'onAuthenticationRequest:github'
2025-07-28 09:28:24.558 [info] ExtensionService#_doActivateExtension vscode.git-base, startup: true, activationEvent: '*'
2025-07-28 09:28:24.597 [info] ExtensionService#_doActivateExtension vscode.github, startup: true, activationEvent: '*'
2025-07-28 09:28:24.650 [info] Eager extensions activated
2025-07-28 09:28:24.672 [info] ExtensionService#_doActivateExtension vscode.debug-auto-launch, startup: false, activationEvent: 'onStartupFinished'
2025-07-28 09:28:24.673 [info] ExtensionService#_doActivateExtension vscode.merge-conflict, startup: false, activationEvent: 'onStartupFinished'
2025-07-28 09:28:27.342 [info] ExtensionService#_doActivateExtension vscode.git, startup: false, activationEvent: 'api', root cause: vscode.github
2025-07-28 09:28:27.385 [info] ExtensionService#_doActivateExtension rafapaulin.try-material-icon-theme, startup: false, activationEvent: '*'
2025-07-28 09:28:27.415 [error] Activating extension rafapaulin.try-material-icon-theme failed due to an error:
2025-07-28 09:28:27.415 [error] TypeError: Cannot read properties of undefined (reading 'packageJSON')
	at exports.getExtensionConfiguration (/root/.vscode/extensions/rafapaulin.try-material-icon-theme-3.9.0/out/src/helpers/index.js:14:71)
	at exports.detectConfigChanges (/root/.vscode/extensions/rafapaulin.try-material-icon-theme-3.9.0/out/src/helpers/changeDetection.js:8:36)
	at exports.activate (/root/.vscode/extensions/rafapaulin.try-material-icon-theme-3.9.0/out/src/extension.js:21:23)
	at sy.kb (file:///usr/share/code/resources/app/out/vs/workbench/api/node/extensionHostProcess.js:117:15232)
	at sy.jb (file:///usr/share/code/resources/app/out/vs/workbench/api/node/extensionHostProcess.js:117:14977)
	at file:///usr/share/code/resources/app/out/vs/workbench/api/node/extensionHostProcess.js:117:13135
	at async db.n (file:///usr/share/code/resources/app/out/vs/workbench/api/node/extensionHostProcess.js:112:13386)
	at async db.m (file:///usr/share/code/resources/app/out/vs/workbench/api/node/extensionHostProcess.js:112:13349)
	at async db.l (file:///usr/share/code/resources/app/out/vs/workbench/api/node/extensionHostProcess.js:112:12805)
2025-07-28 09:28:27.456 [info] ExtensionService#_doActivateExtension vscode.emmet, startup: false, activationEvent: 'onLanguage'
2025-07-28 09:29:44.792 [info] ExtensionService#_doActivateExtension vscode.extension-editing, startup: false, activationEvent: 'onLanguage:markdown'
2025-07-28 09:29:44.801 [info] ExtensionService#_doActivateExtension vscode.markdown-language-features, startup: false, activationEvent: 'onLanguage:markdown'
2025-07-28 09:29:45.075 [info] ExtensionService#_doActivateExtension vscode.markdown-math, startup: false, activationEvent: 'api', root cause: vscode.markdown-language-features
